Command line:
   Processor_Processor_sch_tb_isim_beh.exe
     -simmode  gui
     -simrunnum  0
     -socket  52351

Sun Jun 07 01:13:13 2020


 Elaboration Time: 0.09375 sec

 Current Memory Usage: 5164.92 Meg

 Total Signals          : 1557
 Total Nets             : 352
 Total Signal Drivers   : 303
 Total Blocks           : 315
 Total Primitive Blocks : 278
 Total Processes        : 300
 Total Traceable Variables  : 15
 Total Scalar Nets and Variables : 853
Total Line Count : 313

 Total Simulation Time: 0.96875 sec

 Current Memory Usage: 5164.92 Meg

Sun Jun 07 01:29:20 2020

