Command line:
   OPERATION5_OPERATION5_sch_tb_isim_beh.exe
     -simmode  gui
     -simrunnum  0
     -socket  53899

Sun Jun 07 18:07:46 2020


 Elaboration Time: 0.03125 sec

 Current Memory Usage: 5164.25 Meg

 Total Signals          : 1560
 Total Nets             : 356
 Total Signal Drivers   : 305
 Total Blocks           : 315
 Total Primitive Blocks : 278
 Total Processes        : 300
 Total Traceable Variables  : 15
 Total Scalar Nets and Variables : 857
Total Line Count : 318

 Total Simulation Time: 0.15625 sec

 Current Memory Usage: 5006.97 Meg

Sun Jun 07 18:09:04 2020

