Command line:
   OPERATION3_OPERATION3_sch_tb_isim_beh.exe
     -simmode  gui
     -simrunnum  0
     -socket  53813

Sun Jun 07 16:00:09 2020


 Elaboration Time: 0.015625 sec

 Current Memory Usage: 5164.88 Meg

 Total Signals          : 1558
 Total Nets             : 355
 Total Signal Drivers   : 304
 Total Blocks           : 315
 Total Primitive Blocks : 278
 Total Processes        : 299
 Total Traceable Variables  : 15
 Total Scalar Nets and Variables : 856
Total Line Count : 314

 Total Simulation Time: 0.171875 sec

 Current Memory Usage: 5007.59 Meg

Sun Jun 07 16:05:22 2020

