Command line:
   OPERATION4_OPERATION4_sch_tb_isim_beh.exe
     -simmode  gui
     -simrunnum  0
     -socket  53861

Sun Jun 07 16:42:08 2020


 Elaboration Time: 0.03125 sec

 Current Memory Usage: 5164.92 Meg

 Total Signals          : 1558
 Total Nets             : 355
 Total Signal Drivers   : 304
 Total Blocks           : 315
 Total Primitive Blocks : 278
 Total Processes        : 299
 Total Traceable Variables  : 15
 Total Scalar Nets and Variables : 856
Total Line Count : 317

 Total Simulation Time: 0.1875 sec

 Current Memory Usage: 5007.63 Meg

Sun Jun 07 16:50:39 2020

