Release 14.7 - xst P.20131013 (nt64)
Copyright (c) 1995-2013 Xilinx, Inc.  All rights reserved.
--> Parameter TMPDIR set to xst/projnav.tmp


Total REAL time to Xst completion: 1.00 secs
Total CPU time to Xst completion: 1.07 secs
 
--> Parameter xsthdpdir set to xst


Total REAL time to Xst completion: 1.00 secs
Total CPU time to Xst completion: 1.07 secs
 
--> Reading design: ALU.prj

TABLE OF CONTENTS
  1) Synthesis Options Summary
  2) HDL Compilation
  3) Design Hierarchy Analysis
  4) HDL Analysis
  5) HDL Synthesis
     5.1) HDL Synthesis Report
  6) Advanced HDL Synthesis
     6.1) Advanced HDL Synthesis Report
  7) Low Level Synthesis
  8) Partition Report
  9) Final Report
	9.1) Device utilization summary
	9.2) Partition Resource Summary
	9.3) TIMING REPORT


=========================================================================
*                      Synthesis Options Summary                        *
=========================================================================
---- Source Parameters
Input File Name                    : "ALU.prj"
Input Format                       : mixed
Ignore Synthesis Constraint File   : NO

---- Target Parameters
Output File Name                   : "ALU"
Output Format                      : NGC
Target Device                      : xc3s700a-4-fg484

---- Source Options
Top Module Name                    : ALU
Automatic FSM Extraction           : YES
FSM Encoding Algorithm             : Auto
Safe Implementation                : No
FSM Style                          : LUT
RAM Extraction                     : Yes
RAM Style                          : Auto
ROM Extraction                     : Yes
Mux Style                          : Auto
Decoder Extraction                 : YES
Priority Encoder Extraction        : Yes
Shift Register Extraction          : YES
Logical Shifter Extraction         : YES
XOR Collapsing                     : YES
ROM Style                          : Auto
Mux Extraction                     : Yes
Resource Sharing                   : YES
Asynchronous To Synchronous        : NO
Multiplier Style                   : Auto
Automatic Register Balancing       : No

---- Target Options
Add IO Buffers                     : YES
Global Maximum Fanout              : 100000
Add Generic Clock Buffer(BUFG)     : 24
Register Duplication               : YES
Slice Packing                      : YES
Optimize Instantiated Primitives   : NO
Use Clock Enable                   : Yes
Use Synchronous Set                : Yes
Use Synchronous Reset              : Yes
Pack IO Registers into IOBs        : Auto
Equivalent register Removal        : YES

---- General Options
Optimization Goal                  : Speed
Optimization Effort                : 1
Keep Hierarchy                     : No
Netlist Hierarchy                  : As_Optimized
RTL Output                         : Yes
Global Optimization                : AllClockNets
Read Cores                         : YES
Write Timing Constraints           : NO
Cross Clock Analysis               : NO
Hierarchy Separator                : /
Bus Delimiter                      : <>
Case Specifier                     : Maintain
Slice Utilization Ratio            : 100
BRAM Utilization Ratio             : 100
Verilog 2001                       : YES
Auto BRAM Packing                  : NO
Slice Utilization Ratio Delta      : 5

=========================================================================


=========================================================================
*                          HDL Compilation                              *
=========================================================================
Compiling vhdl file "H:/xilinx/SimpleProcessor/FA.vhd" in Library work.
Architecture dataflow of Entity fa is up to date.
Compiling vhdl file "H:/xilinx/SimpleProcessor/ALU.vhf" in Library work.
Architecture or8_hxilinx_alu_v of Entity or8_hxilinx_alu is up to date.
Architecture behavioral of Entity mux3_muser_alu is up to date.
Architecture behavioral of Entity alu is up to date.
Compiling vhdl file "H:/xilinx/SimpleProcessor/MUX3.vhf" in Library work.
Architecture or8_hxilinx_mux3_v of Entity or8_hxilinx_mux3 is up to date.
Architecture behavioral of Entity mux3 is up to date.

=========================================================================
*                     Design Hierarchy Analysis                         *
=========================================================================
Analyzing hierarchy for entity <ALU> in library <work> (architecture <behavioral>).

Analyzing hierarchy for entity <FA> in library <work> (architecture <dataflow>).

Analyzing hierarchy for entity <MUX3_MUSER_ALU> in library <work> (architecture <behavioral>).

Analyzing hierarchy for entity <OR8_HXILINX_ALU> in library <work> (architecture <or8_hxilinx_alu_v>).


=========================================================================
*                            HDL Analysis                               *
=========================================================================
Analyzing Entity <ALU> in library <work> (Architecture <behavioral>).
Entity <ALU> analyzed. Unit <ALU> generated.

Analyzing Entity <FA> in library <work> (Architecture <dataflow>).
Entity <FA> analyzed. Unit <FA> generated.

Analyzing Entity <MUX3_MUSER_ALU> in library <work> (Architecture <behavioral>).
    Set user-defined property "HU_SET =  XLXI_15_0" for instance <XLXI_15> in unit <MUX3_MUSER_ALU>.
Entity <MUX3_MUSER_ALU> analyzed. Unit <MUX3_MUSER_ALU> generated.

Analyzing Entity <OR8_HXILINX_ALU> in library <work> (Architecture <or8_hxilinx_alu_v>).
Entity <OR8_HXILINX_ALU> analyzed. Unit <OR8_HXILINX_ALU> generated.


=========================================================================
*                           HDL Synthesis                               *
=========================================================================

Performing bidirectional port resolution...

Synthesizing Unit <FA>.
    Related source file is "H:/xilinx/SimpleProcessor/FA.vhd".
    Found 1-bit xor3 for signal <S>.
    Summary:
	inferred   1 Xor(s).
Unit <FA> synthesized.


Synthesizing Unit <OR8_HXILINX_ALU>.
    Related source file is "H:/xilinx/SimpleProcessor/ALU.vhf".
Unit <OR8_HXILINX_ALU> synthesized.


Synthesizing Unit <MUX3_MUSER_ALU>.
    Related source file is "H:/xilinx/SimpleProcessor/ALU.vhf".
Unit <MUX3_MUSER_ALU> synthesized.


Synthesizing Unit <ALU>.
    Related source file is "H:/xilinx/SimpleProcessor/ALU.vhf".
Unit <ALU> synthesized.


=========================================================================
HDL Synthesis Report

Macro Statistics
# Xors                                                 : 1
 1-bit xor3                                            : 1

=========================================================================

=========================================================================
*                       Advanced HDL Synthesis                          *
=========================================================================


=========================================================================
Advanced HDL Synthesis Report

Macro Statistics
# Xors                                                 : 1
 1-bit xor3                                            : 1

=========================================================================

=========================================================================
*                         Low Level Synthesis                           *
=========================================================================

Optimizing unit <ALU> ...

Optimizing unit <OR8_HXILINX_ALU> ...

Optimizing unit <MUX3_MUSER_ALU> ...

Mapping all equations...
Building and optimizing final netlist ...
Found area constraint ratio of 100 (+ 5) on block ALU, actual ratio is 0.

Final Macro Processing ...

=========================================================================
Final Register Report

Found no macro
=========================================================================

=========================================================================
*                           Partition Report                            *
=========================================================================

Partition Implementation Status
-------------------------------

  No Partitions were found in this design.

-------------------------------

=========================================================================
*                            Final Report                               *
=========================================================================
Final Results
RTL Top Level Output File Name     : ALU.ngr
Top Level Output File Name         : ALU
Output Format                      : NGC
Optimization Goal                  : Speed
Keep Hierarchy                     : No

Design Statistics
# IOs                              : 10

Cell Usage :
# BELS                             : 28
#      AND2                        : 3
#      AND4                        : 8
#      INV                         : 8
#      LUT3                        : 2
#      LUT4                        : 2
#      MUXF5                       : 1
#      OR2                         : 2
#      VCC                         : 1
#      XOR2                        : 1
# IO Buffers                       : 10
#      IBUF                        : 8
#      OBUF                        : 2
=========================================================================

Device utilization summary:
---------------------------

Selected Device : 3s700afg484-4 

 Number of Slices:                        6  out of   5888     0%  
 Number of 4 input LUTs:                 12  out of  11776     0%  
 Number of IOs:                          10
 Number of bonded IOBs:                  10  out of    372     2%  

---------------------------
Partition Resource Summary:
---------------------------

  No Partitions were found in this design.

---------------------------


=========================================================================
TIMING REPORT

NOTE: THESE TIMING NUMBERS ARE ONLY A SYNTHESIS ESTIMATE.
      FOR ACCURATE TIMING INFORMATION PLEASE REFER TO THE TRACE REPORT
      GENERATED AFTER PLACE-and-ROUTE.

Clock Information:
------------------
No clock signals found in this design

Asynchronous Control Signals Information:
----------------------------------------
No asynchronous control signals found in this design

Timing Summary:
---------------
Speed Grade: -4

   Minimum period: No path found
   Minimum input arrival time before clock: No path found
   Maximum output required time after clock: No path found
   Maximum combinational path delay: 13.963ns

Timing Detail:
--------------
All values displayed in nanoseconds (ns)

=========================================================================
Timing constraint: Default path analysis
  Total number of paths / destination ports: 62 / 2
-------------------------------------------------------------------------
Delay:               13.963ns (Levels of Logic = 11)
  Source:            CLine (PAD)
  Destination:       GO (PAD)

  Data Path: CLine to GO
                                Gate     Net
    Cell:in->out      fanout   Delay   Delay  Logical Name (Net Name)
    ----------------------------------------  ------------
     IBUF:I->O             2   0.849   0.447  CLine_IBUF (CLine_IBUF)
     INV:I->O              1   0.648   0.420  XLXI_7 (XLXN_11)
     AND2:I0->O            1   0.648   0.420  XLXI_8 (XLXN_15)
     OR2:I0->O             6   0.648   0.669  XLXI_9 (XLXN_22)
     INV:I->O              1   0.648   0.420  XLXI_3 (XLXN_28)
     AND4:I0->O            1   0.648   0.563  XLXI_13/XLXI_4 (XLXI_13/XLXN_16)
     begin scope: 'XLXI_13/XLXI_15'
     LUT4:I0->O            1   0.648   0.000  O12_SW01 (O12_SW0)
     MUXF5:I0->O           1   0.276   0.423  O12_SW0_f5 (N01)
     LUT4:I3->O            1   0.648   0.420  O12 (O)
     end scope: 'XLXI_13/XLXI_15'
     OBUF:I->O                 4.520          GO_OBUF (GO)
    ----------------------------------------
    Total                     13.963ns (10.181ns logic, 3.782ns route)
                                       (72.9% logic, 27.1% route)

=========================================================================


Total REAL time to Xst completion: 10.00 secs
Total CPU time to Xst completion: 10.26 secs
 
--> 

Total memory usage is 4517776 kilobytes

Number of errors   :    0 (   0 filtered)
Number of warnings :    0 (   0 filtered)
Number of infos    :    0 (   0 filtered)

