Release 14.7 - xst P.20131013 (nt64)
Copyright (c) 1995-2013 Xilinx, Inc.  All rights reserved.
--> Parameter TMPDIR set to xst/projnav.tmp


Total REAL time to Xst completion: 0.00 secs
Total CPU time to Xst completion: 0.09 secs
 
--> Parameter xsthdpdir set to xst


Total REAL time to Xst completion: 0.00 secs
Total CPU time to Xst completion: 0.10 secs
 
--> Reading design: ControlUnit3.prj

TABLE OF CONTENTS
  1) Synthesis Options Summary
  2) HDL Compilation
  3) Design Hierarchy Analysis
  4) HDL Analysis
  5) HDL Synthesis
     5.1) HDL Synthesis Report
  6) Advanced HDL Synthesis
     6.1) Advanced HDL Synthesis Report
  7) Low Level Synthesis
  8) Partition Report
  9) Final Report
	9.1) Device utilization summary
	9.2) Partition Resource Summary
	9.3) TIMING REPORT


=========================================================================
*                      Synthesis Options Summary                        *
=========================================================================
---- Source Parameters
Input File Name                    : "ControlUnit3.prj"
Input Format                       : mixed
Ignore Synthesis Constraint File   : NO

---- Target Parameters
Output File Name                   : "ControlUnit3"
Output Format                      : NGC
Target Device                      : xc3s700a-4-fg484

---- Source Options
Top Module Name                    : ControlUnit3
Automatic FSM Extraction           : YES
FSM Encoding Algorithm             : Auto
Safe Implementation                : No
FSM Style                          : LUT
RAM Extraction                     : Yes
RAM Style                          : Auto
ROM Extraction                     : Yes
Mux Style                          : Auto
Decoder Extraction                 : YES
Priority Encoder Extraction        : Yes
Shift Register Extraction          : YES
Logical Shifter Extraction         : YES
XOR Collapsing                     : YES
ROM Style                          : Auto
Mux Extraction                     : Yes
Resource Sharing                   : YES
Asynchronous To Synchronous        : NO
Multiplier Style                   : Auto
Automatic Register Balancing       : No

---- Target Options
Add IO Buffers                     : YES
Global Maximum Fanout              : 100000
Add Generic Clock Buffer(BUFG)     : 24
Register Duplication               : YES
Slice Packing                      : YES
Optimize Instantiated Primitives   : NO
Use Clock Enable                   : Yes
Use Synchronous Set                : Yes
Use Synchronous Reset              : Yes
Pack IO Registers into IOBs        : Auto
Equivalent register Removal        : YES

---- General Options
Optimization Goal                  : Speed
Optimization Effort                : 1
Keep Hierarchy                     : No
Netlist Hierarchy                  : As_Optimized
RTL Output                         : Yes
Global Optimization                : AllClockNets
Read Cores                         : YES
Write Timing Constraints           : NO
Cross Clock Analysis               : NO
Hierarchy Separator                : /
Bus Delimiter                      : <>
Case Specifier                     : Maintain
Slice Utilization Ratio            : 100
BRAM Utilization Ratio             : 100
Verilog 2001                       : YES
Auto BRAM Packing                  : NO
Slice Utilization Ratio Delta      : 5

=========================================================================


=========================================================================
*                          HDL Compilation                              *
=========================================================================
Compiling vhdl file "H:/xilinx/SimpleProcessor/Processor.vhf" in Library work.
Architecture or8_hxilinx_processor_v of Entity or8_hxilinx_processor is up to date.
Architecture behavioral of Entity f_f_muser_processor is up to date.
Architecture behavioral of Entity memorunit_muser_processor is up to date.
Architecture behavioral of Entity mux3_muser_processor is up to date.
Architecture behavioral of Entity alu_muser_processor is up to date.
Architecture behavioral of Entity alueightbit_muser_processor is up to date.
Architecture behavioral of Entity processor is up to date.
Compiling vhdl file "H:/xilinx/SimpleProcessor/ControlUnit3.vhd" in Library work.
Entity <ControlUnit3> compiled.
Entity <ControlUnit3> (Architecture <Behavioural>) compiled.

=========================================================================
*                     Design Hierarchy Analysis                         *
=========================================================================
Analyzing hierarchy for entity <ControlUnit3> in library <work> (architecture <Behavioural>).


=========================================================================
*                            HDL Analysis                               *
=========================================================================
Analyzing Entity <ControlUnit3> in library <work> (Architecture <Behavioural>).
Entity <ControlUnit3> analyzed. Unit <ControlUnit3> generated.


=========================================================================
*                           HDL Synthesis                               *
=========================================================================

Performing bidirectional port resolution...

Synthesizing Unit <ControlUnit3>.
    Related source file is "H:/xilinx/SimpleProcessor/ControlUnit3.vhd".
    Found 3-bit register for signal <check>.
    Found 3-bit comparator greatequal for signal <check$cmp_ge0000> created at line 50.
    Found 3-bit comparator lessequal for signal <check$cmp_le0000> created at line 49.
    Found 3-bit up counter for signal <count>.
    Summary:
	inferred   1 Counter(s).
	inferred   3 D-type flip-flop(s).
	inferred   2 Comparator(s).
Unit <ControlUnit3> synthesized.


=========================================================================
HDL Synthesis Report

Macro Statistics
# Counters                                             : 1
 3-bit up counter                                      : 1
# Registers                                            : 1
 3-bit register                                        : 1
# Comparators                                          : 2
 3-bit comparator greatequal                           : 1
 3-bit comparator lessequal                            : 1

=========================================================================

=========================================================================
*                       Advanced HDL Synthesis                          *
=========================================================================

WARNING:Xst:1710 - FF/Latch <check_1> (without init value) has a constant value of 0 in block <ControlUnit3>. This FF/Latch will be trimmed during the optimization process.

=========================================================================
Advanced HDL Synthesis Report

Macro Statistics
# Counters                                             : 1
 3-bit up counter                                      : 1
# Registers                                            : 3
 Flip-Flops                                            : 3
# Comparators                                          : 2
 3-bit comparator greatequal                           : 1
 3-bit comparator lessequal                            : 1

=========================================================================

=========================================================================
*                         Low Level Synthesis                           *
=========================================================================
WARNING:Xst:1710 - FF/Latch <check_1> (without init value) has a constant value of 0 in block <ControlUnit3>. This FF/Latch will be trimmed during the optimization process.
INFO:Xst:2261 - The FF/Latch <check_0> in Unit <ControlUnit3> is equivalent to the following FF/Latch, which will be removed : <check_2> 

Optimizing unit <ControlUnit3> ...

Mapping all equations...
Building and optimizing final netlist ...
Found area constraint ratio of 100 (+ 5) on block ControlUnit3, actual ratio is 0.

Final Macro Processing ...

=========================================================================
Final Register Report

Macro Statistics
# Registers                                            : 4
 Flip-Flops                                            : 4

=========================================================================

=========================================================================
*                           Partition Report                            *
=========================================================================

Partition Implementation Status
-------------------------------

  No Partitions were found in this design.

-------------------------------

=========================================================================
*                            Final Report                               *
=========================================================================
Final Results
RTL Top Level Output File Name     : ControlUnit3.ngr
Top Level Output File Name         : ControlUnit3
Output Format                      : NGC
Optimization Goal                  : Speed
Keep Hierarchy                     : No

Design Statistics
# IOs                              : 5

Cell Usage :
# BELS                             : 6
#      GND                         : 1
#      INV                         : 3
#      LUT2                        : 1
#      LUT3                        : 1
# FlipFlops/Latches                : 4
#      FDC                         : 3
#      FDE                         : 1
# Clock Buffers                    : 1
#      BUFGP                       : 1
# IO Buffers                       : 4
#      IBUF                        : 1
#      OBUF                        : 3
=========================================================================

Device utilization summary:
---------------------------

Selected Device : 3s700afg484-4 

 Number of Slices:                        3  out of   5888     0%  
 Number of Slice Flip Flops:              4  out of  11776     0%  
 Number of 4 input LUTs:                  5  out of  11776     0%  
 Number of IOs:                           5
 Number of bonded IOBs:                   5  out of    372     1%  
 Number of GCLKs:                         1  out of     24     4%  

---------------------------
Partition Resource Summary:
---------------------------

  No Partitions were found in this design.

---------------------------


=========================================================================
TIMING REPORT

NOTE: THESE TIMING NUMBERS ARE ONLY A SYNTHESIS ESTIMATE.
      FOR ACCURATE TIMING INFORMATION PLEASE REFER TO THE TRACE REPORT
      GENERATED AFTER PLACE-and-ROUTE.

Clock Information:
------------------
-----------------------------------+------------------------+-------+
Clock Signal                       | Clock buffer(FF name)  | Load  |
-----------------------------------+------------------------+-------+
Clk                                | BUFGP                  | 4     |
-----------------------------------+------------------------+-------+

Asynchronous Control Signals Information:
----------------------------------------
-----------------------------------+------------------------+-------+
Control Signal                     | Buffer(FF name)        | Load  |
-----------------------------------+------------------------+-------+
Reset                              | IBUF                   | 3     |
-----------------------------------+------------------------+-------+

Timing Summary:
---------------
Speed Grade: -4

   Minimum period: 2.442ns (Maximum Frequency: 409.500MHz)
   Minimum input arrival time before clock: 2.816ns
   Maximum output required time after clock: 5.558ns
   Maximum combinational path delay: No path found

Timing Detail:
--------------
All values displayed in nanoseconds (ns)

=========================================================================
Timing constraint: Default period analysis for Clock 'Clk'
  Clock period: 2.442ns (frequency: 409.500MHz)
  Total number of paths / destination ports: 7 / 4
-------------------------------------------------------------------------
Delay:               2.442ns (Levels of Logic = 1)
  Source:            count_0 (FF)
  Destination:       count_0 (FF)
  Source Clock:      Clk rising
  Destination Clock: Clk rising

  Data Path: count_0 to count_0
                                Gate     Net
    Cell:in->out      fanout   Delay   Delay  Logical Name (Net Name)
    ----------------------------------------  ------------
     FDC:C->Q              3   0.591   0.531  count_0 (count_0)
     INV:I->O              1   0.648   0.420  Mcount_count_xor<0>11_INV_0 (Result<0>)
     FDC:D                     0.252          count_0
    ----------------------------------------
    Total                      2.442ns (1.491ns logic, 0.951ns route)
                                       (61.1% logic, 38.9% route)

=========================================================================
Timing constraint: Default OFFSET IN BEFORE for Clock 'Clk'
  Total number of paths / destination ports: 1 / 1
-------------------------------------------------------------------------
Offset:              2.816ns (Levels of Logic = 2)
  Source:            Reset (PAD)
  Destination:       check_0 (FF)
  Destination Clock: Clk rising

  Data Path: Reset to check_0
                                Gate     Net
    Cell:in->out      fanout   Delay   Delay  Logical Name (Net Name)
    ----------------------------------------  ------------
     IBUF:I->O             4   0.849   0.587  Reset_IBUF (Reset_IBUF)
     INV:I->O              1   0.648   0.420  check_and00001_INV_0 (check_and0000)
     FDE:CE                    0.312          check_0
    ----------------------------------------
    Total                      2.816ns (1.809ns logic, 1.007ns route)
                                       (64.2% logic, 35.8% route)

=========================================================================
Timing constraint: Default OFFSET OUT AFTER for Clock 'Clk'
  Total number of paths / destination ports: 2 / 2
-------------------------------------------------------------------------
Offset:              5.558ns (Levels of Logic = 1)
  Source:            check_0 (FF)
  Destination:       check<2> (PAD)
  Source Clock:      Clk rising

  Data Path: check_0 to check<2>
                                Gate     Net
    Cell:in->out      fanout   Delay   Delay  Logical Name (Net Name)
    ----------------------------------------  ------------
     FDE:C->Q              2   0.591   0.447  check_0 (check_0)
     OBUF:I->O                 4.520          check_2_OBUF (check<2>)
    ----------------------------------------
    Total                      5.558ns (5.111ns logic, 0.447ns route)
                                       (92.0% logic, 8.0% route)

=========================================================================


Total REAL time to Xst completion: 3.00 secs
Total CPU time to Xst completion: 3.85 secs
 
--> 

Total memory usage is 4516816 kilobytes

Number of errors   :    0 (   0 filtered)
Number of warnings :    2 (   0 filtered)
Number of infos    :    1 (   0 filtered)

