Release 14.7 - xst P.20131013 (nt64)
Copyright (c) 1995-2013 Xilinx, Inc.  All rights reserved.
--> Parameter TMPDIR set to xst/projnav.tmp


Total REAL time to Xst completion: 0.00 secs
Total CPU time to Xst completion: 0.12 secs
 
--> Parameter xsthdpdir set to xst


Total REAL time to Xst completion: 0.00 secs
Total CPU time to Xst completion: 0.12 secs
 
--> Reading design: OPERATION7.prj

TABLE OF CONTENTS
  1) Synthesis Options Summary
  2) HDL Compilation
  3) Design Hierarchy Analysis
  4) HDL Analysis
  5) HDL Synthesis
     5.1) HDL Synthesis Report
  6) Advanced HDL Synthesis
     6.1) Advanced HDL Synthesis Report
  7) Low Level Synthesis
  8) Partition Report
  9) Final Report
	9.1) Device utilization summary
	9.2) Partition Resource Summary
	9.3) TIMING REPORT


=========================================================================
*                      Synthesis Options Summary                        *
=========================================================================
---- Source Parameters
Input File Name                    : "OPERATION7.prj"
Input Format                       : mixed
Ignore Synthesis Constraint File   : NO

---- Target Parameters
Output File Name                   : "OPERATION7"
Output Format                      : NGC
Target Device                      : xc3s700a-4-fg484

---- Source Options
Top Module Name                    : OPERATION7
Automatic FSM Extraction           : YES
FSM Encoding Algorithm             : Auto
Safe Implementation                : No
FSM Style                          : LUT
RAM Extraction                     : Yes
RAM Style                          : Auto
ROM Extraction                     : Yes
Mux Style                          : Auto
Decoder Extraction                 : YES
Priority Encoder Extraction        : Yes
Shift Register Extraction          : YES
Logical Shifter Extraction         : YES
XOR Collapsing                     : YES
ROM Style                          : Auto
Mux Extraction                     : Yes
Resource Sharing                   : YES
Asynchronous To Synchronous        : NO
Multiplier Style                   : Auto
Automatic Register Balancing       : No

---- Target Options
Add IO Buffers                     : YES
Global Maximum Fanout              : 100000
Add Generic Clock Buffer(BUFG)     : 24
Register Duplication               : YES
Slice Packing                      : YES
Optimize Instantiated Primitives   : NO
Use Clock Enable                   : Yes
Use Synchronous Set                : Yes
Use Synchronous Reset              : Yes
Pack IO Registers into IOBs        : Auto
Equivalent register Removal        : YES

---- General Options
Optimization Goal                  : Speed
Optimization Effort                : 1
Keep Hierarchy                     : No
Netlist Hierarchy                  : As_Optimized
RTL Output                         : Yes
Global Optimization                : AllClockNets
Read Cores                         : YES
Write Timing Constraints           : NO
Cross Clock Analysis               : NO
Hierarchy Separator                : /
Bus Delimiter                      : <>
Case Specifier                     : Maintain
Slice Utilization Ratio            : 100
BRAM Utilization Ratio             : 100
Verilog 2001                       : YES
Auto BRAM Packing                  : NO
Slice Utilization Ratio Delta      : 5

=========================================================================


=========================================================================
*                          HDL Compilation                              *
=========================================================================
Compiling vhdl file "H:/xilinx/SimpleProcessor/FA.vhd" in Library work.
Architecture dataflow of Entity fa is up to date.
Compiling vhdl file "H:/xilinx/SimpleProcessor/ControlUnit7.vhd" in Library work.
Architecture behavioural of Entity controlunit7 is up to date.
Compiling vhdl file "H:/xilinx/SimpleProcessor/Processor.vhf" in Library work.
Architecture or8_hxilinx_processor_v of Entity or8_hxilinx_processor is up to date.
Architecture behavioral of Entity f_f_muser_processor is up to date.
Architecture behavioral of Entity memorunit_muser_processor is up to date.
Architecture behavioral of Entity mux3_muser_processor is up to date.
Architecture behavioral of Entity alu_muser_processor is up to date.
Architecture behavioral of Entity alueightbit_muser_processor is up to date.
Architecture behavioral of Entity processor is up to date.
Compiling vhdl file "H:/xilinx/SimpleProcessor/OPERATION7.vhf" in Library work.
Entity <OR8_HXILINX_OPERATION7> compiled.
Entity <OR8_HXILINX_OPERATION7> (Architecture <OR8_HXILINX_OPERATION7_V>) compiled.
Entity <F_F_MUSER_OPERATION7> compiled.
Entity <F_F_MUSER_OPERATION7> (Architecture <BEHAVIORAL>) compiled.
Entity <MemorUnit_MUSER_OPERATION7> compiled.
Entity <MemorUnit_MUSER_OPERATION7> (Architecture <BEHAVIORAL>) compiled.
Entity <MUX3_MUSER_OPERATION7> compiled.
Entity <MUX3_MUSER_OPERATION7> (Architecture <BEHAVIORAL>) compiled.
Entity <ALU_MUSER_OPERATION7> compiled.
Entity <ALU_MUSER_OPERATION7> (Architecture <BEHAVIORAL>) compiled.
Entity <ALUEightBit_MUSER_OPERATION7> compiled.
Entity <ALUEightBit_MUSER_OPERATION7> (Architecture <BEHAVIORAL>) compiled.
Entity <OPERATION7> compiled.
Entity <OPERATION7> (Architecture <BEHAVIORAL>) compiled.
Compiling vhdl file "H:/xilinx/SimpleProcessor/ALUEightBit.vhf" in Library work.
Architecture or8_hxilinx_alueightbit_v of Entity or8_hxilinx_alueightbit is up to date.
Architecture behavioral of Entity f_f_muser_alueightbit is up to date.
Architecture behavioral of Entity memorunit_muser_alueightbit is up to date.
Architecture behavioral of Entity mux3_muser_alueightbit is up to date.
Architecture behavioral of Entity alu_muser_alueightbit is up to date.
Architecture behavioral of Entity alueightbit is up to date.
Compiling vhdl file "H:/xilinx/SimpleProcessor/ALU.vhf" in Library work.
Architecture or8_hxilinx_alu_v of Entity or8_hxilinx_alu is up to date.
Architecture behavioral of Entity mux3_muser_alu is up to date.
Architecture behavioral of Entity alu is up to date.
Compiling vhdl file "H:/xilinx/SimpleProcessor/MemorUnit.vhf" in Library work.
Architecture behavioral of Entity f_f_muser_memorunit is up to date.
Architecture behavioral of Entity memorunit is up to date.
Compiling vhdl file "H:/xilinx/SimpleProcessor/F_F.vhf" in Library work.
Architecture behavioral of Entity f_f is up to date.
Compiling vhdl file "H:/xilinx/SimpleProcessor/MUX3.vhf" in Library work.
Architecture or8_hxilinx_mux3_v of Entity or8_hxilinx_mux3 is up to date.
Architecture behavioral of Entity mux3 is up to date.

=========================================================================
*                     Design Hierarchy Analysis                         *
=========================================================================
Analyzing hierarchy for entity <OPERATION7> in library <work> (architecture <BEHAVIORAL>).

Analyzing hierarchy for entity <ALUEightBit_MUSER_OPERATION7> in library <work> (architecture <BEHAVIORAL>).

Analyzing hierarchy for entity <ControlUnit7> in library <work> (architecture <behavioural>).

Analyzing hierarchy for entity <ALU_MUSER_OPERATION7> in library <work> (architecture <BEHAVIORAL>).

Analyzing hierarchy for entity <MemorUnit_MUSER_OPERATION7> in library <work> (architecture <BEHAVIORAL>).

Analyzing hierarchy for entity <FA> in library <work> (architecture <dataflow>).

Analyzing hierarchy for entity <MUX3_MUSER_OPERATION7> in library <work> (architecture <BEHAVIORAL>).

Analyzing hierarchy for entity <F_F_MUSER_OPERATION7> in library <work> (architecture <BEHAVIORAL>).

Analyzing hierarchy for entity <OR8_HXILINX_OPERATION7> in library <work> (architecture <OR8_HXILINX_OPERATION7_V>).


=========================================================================
*                            HDL Analysis                               *
=========================================================================
Analyzing Entity <OPERATION7> in library <work> (Architecture <BEHAVIORAL>).
Entity <OPERATION7> analyzed. Unit <OPERATION7> generated.

Analyzing Entity <ALUEightBit_MUSER_OPERATION7> in library <work> (Architecture <BEHAVIORAL>).
Entity <ALUEightBit_MUSER_OPERATION7> analyzed. Unit <ALUEightBit_MUSER_OPERATION7> generated.

Analyzing Entity <ALU_MUSER_OPERATION7> in library <work> (Architecture <BEHAVIORAL>).
Entity <ALU_MUSER_OPERATION7> analyzed. Unit <ALU_MUSER_OPERATION7> generated.

Analyzing Entity <FA> in library <work> (Architecture <dataflow>).
Entity <FA> analyzed. Unit <FA> generated.

Analyzing Entity <MUX3_MUSER_OPERATION7> in library <work> (Architecture <BEHAVIORAL>).
    Set user-defined property "HU_SET =  XLXI_15_0" for instance <XLXI_15> in unit <MUX3_MUSER_OPERATION7>.
Entity <MUX3_MUSER_OPERATION7> analyzed. Unit <MUX3_MUSER_OPERATION7> generated.

Analyzing Entity <OR8_HXILINX_OPERATION7> in library <work> (Architecture <OR8_HXILINX_OPERATION7_V>).
Entity <OR8_HXILINX_OPERATION7> analyzed. Unit <OR8_HXILINX_OPERATION7> generated.

Analyzing Entity <MemorUnit_MUSER_OPERATION7> in library <work> (Architecture <BEHAVIORAL>).
Entity <MemorUnit_MUSER_OPERATION7> analyzed. Unit <MemorUnit_MUSER_OPERATION7> generated.

Analyzing Entity <F_F_MUSER_OPERATION7> in library <work> (Architecture <BEHAVIORAL>).
Entity <F_F_MUSER_OPERATION7> analyzed. Unit <F_F_MUSER_OPERATION7> generated.

Analyzing Entity <ControlUnit7> in library <work> (Architecture <behavioural>).
INFO:Xst:2679 - Register <check> in unit <ControlUnit7> has a constant value of 001 during circuit operation. The register is replaced by logic.
Entity <ControlUnit7> analyzed. Unit <ControlUnit7> generated.


=========================================================================
*                           HDL Synthesis                               *
=========================================================================

Performing bidirectional port resolution...

Synthesizing Unit <ControlUnit7>.
    Related source file is "H:/xilinx/SimpleProcessor/ControlUnit7.vhd".
    Found 3-bit up counter for signal <count>.
    Summary:
	inferred   1 Counter(s).
Unit <ControlUnit7> synthesized.


Synthesizing Unit <FA>.
    Related source file is "H:/xilinx/SimpleProcessor/FA.vhd".
    Found 1-bit xor3 for signal <S>.
    Summary:
	inferred   1 Xor(s).
Unit <FA> synthesized.


Synthesizing Unit <OR8_HXILINX_OPERATION7>.
    Related source file is "H:/xilinx/SimpleProcessor/OPERATION7.vhf".
Unit <OR8_HXILINX_OPERATION7> synthesized.


Synthesizing Unit <MUX3_MUSER_OPERATION7>.
    Related source file is "H:/xilinx/SimpleProcessor/OPERATION7.vhf".
Unit <MUX3_MUSER_OPERATION7> synthesized.


Synthesizing Unit <F_F_MUSER_OPERATION7>.
    Related source file is "H:/xilinx/SimpleProcessor/OPERATION7.vhf".
Unit <F_F_MUSER_OPERATION7> synthesized.


Synthesizing Unit <ALU_MUSER_OPERATION7>.
    Related source file is "H:/xilinx/SimpleProcessor/OPERATION7.vhf".
Unit <ALU_MUSER_OPERATION7> synthesized.


Synthesizing Unit <MemorUnit_MUSER_OPERATION7>.
    Related source file is "H:/xilinx/SimpleProcessor/OPERATION7.vhf".
Unit <MemorUnit_MUSER_OPERATION7> synthesized.


Synthesizing Unit <ALUEightBit_MUSER_OPERATION7>.
    Related source file is "H:/xilinx/SimpleProcessor/OPERATION7.vhf".
WARNING:Xst:653 - Signal <XLXI_8_Slt_openSignal> is used but never assigned. This sourceless signal will be automatically connected to value 0.
WARNING:Xst:653 - Signal <XLXI_7_Slt_openSignal> is used but never assigned. This sourceless signal will be automatically connected to value 0.
WARNING:Xst:653 - Signal <XLXI_6_Slt_openSignal> is used but never assigned. This sourceless signal will be automatically connected to value 0.
WARNING:Xst:653 - Signal <XLXI_5_Slt_openSignal> is used but never assigned. This sourceless signal will be automatically connected to value 0.
WARNING:Xst:653 - Signal <XLXI_4_Slt_openSignal> is used but never assigned. This sourceless signal will be automatically connected to value 0.
WARNING:Xst:653 - Signal <XLXI_3_Slt_openSignal> is used but never assigned. This sourceless signal will be automatically connected to value 0.
WARNING:Xst:653 - Signal <XLXI_2_Slt_openSignal> is used but never assigned. This sourceless signal will be automatically connected to value 0.
WARNING:Xst:653 - Signal <XLXI_1_Slt_openSignal> is used but never assigned. This sourceless signal will be automatically connected to value 0.
Unit <ALUEightBit_MUSER_OPERATION7> synthesized.


Synthesizing Unit <OPERATION7>.
    Related source file is "H:/xilinx/SimpleProcessor/OPERATION7.vhf".
Unit <OPERATION7> synthesized.


=========================================================================
HDL Synthesis Report

Macro Statistics
# Xors                                                 : 8
 1-bit xor3                                            : 8

=========================================================================

=========================================================================
*                       Advanced HDL Synthesis                          *
=========================================================================


=========================================================================
Advanced HDL Synthesis Report

Macro Statistics
# Xors                                                 : 8
 1-bit xor3                                            : 8

=========================================================================

=========================================================================
*                         Low Level Synthesis                           *
=========================================================================
WARNING:Xst:2170 - Unit MemorUnit_MUSER_OPERATION7 : the following signal(s) form a combinatorial loop: XLXI_8/XLXN_20, Q1.
WARNING:Xst:2170 - Unit MemorUnit_MUSER_OPERATION7 : the following signal(s) form a combinatorial loop: XLXI_3/XLXN_20, Q2.
WARNING:Xst:2170 - Unit MemorUnit_MUSER_OPERATION7 : the following signal(s) form a combinatorial loop: XLXI_4/XLXN_20, Q3.
WARNING:Xst:2170 - Unit MemorUnit_MUSER_OPERATION7 : the following signal(s) form a combinatorial loop: XLXI_5/XLXN_20, Q4.
WARNING:Xst:2170 - Unit MemorUnit_MUSER_OPERATION7 : the following signal(s) form a combinatorial loop: XLXI_6/XLXN_20, Q5.
WARNING:Xst:2170 - Unit MemorUnit_MUSER_OPERATION7 : the following signal(s) form a combinatorial loop: XLXI_7/XLXN_20, Q6.
WARNING:Xst:2170 - Unit MemorUnit_MUSER_OPERATION7 : the following signal(s) form a combinatorial loop: Q7, XLXI_9/XLXN_20.
WARNING:Xst:2170 - Unit MemorUnit_MUSER_OPERATION7 : the following signal(s) form a combinatorial loop: Q8, XLXI_10/XLXN_20.

Optimizing unit <OPERATION7> ...

Optimizing unit <OR8_HXILINX_OPERATION7> ...

Optimizing unit <MUX3_MUSER_OPERATION7> ...

Optimizing unit <ALU_MUSER_OPERATION7> ...

Optimizing unit <MemorUnit_MUSER_OPERATION7> ...

Optimizing unit <ALUEightBit_MUSER_OPERATION7> ...

Mapping all equations...
Building and optimizing final netlist ...
Found area constraint ratio of 100 (+ 5) on block OPERATION7, actual ratio is 0.

Final Macro Processing ...

=========================================================================
Final Register Report

Found no macro
=========================================================================

=========================================================================
*                           Partition Report                            *
=========================================================================

Partition Implementation Status
-------------------------------

  No Partitions were found in this design.

-------------------------------

=========================================================================
*                            Final Report                               *
=========================================================================
Final Results
RTL Top Level Output File Name     : OPERATION7.ngr
Top Level Output File Name         : OPERATION7
Output Format                      : NGC
Optimization Goal                  : Speed
Keep Hierarchy                     : No

Design Statistics
# IOs                              : 30

Cell Usage :
# BELS                             : 235
#      AND2                        : 24
#      AND4                        : 64
#      GND                         : 1
#      INV                         : 80
#      LUT2                        : 1
#      LUT3                        : 28
#      LUT4                        : 10
#      MUXF5                       : 1
#      OR2                         : 16
#      VCC                         : 2
#      XOR2                        : 8
# IO Buffers                       : 28
#      IBUF                        : 19
#      OBUF                        : 9
# Logical                          : 64
#      NAND2                       : 64
=========================================================================

Device utilization summary:
---------------------------

Selected Device : 3s700afg484-4 

 Number of Slices:                       25  out of   5888     0%  
 Number of 4 input LUTs:                119  out of  11776     1%  
 Number of IOs:                          30
 Number of bonded IOBs:                  28  out of    372     7%  

---------------------------
Partition Resource Summary:
---------------------------

  No Partitions were found in this design.

---------------------------


=========================================================================
TIMING REPORT

NOTE: THESE TIMING NUMBERS ARE ONLY A SYNTHESIS ESTIMATE.
      FOR ACCURATE TIMING INFORMATION PLEASE REFER TO THE TRACE REPORT
      GENERATED AFTER PLACE-and-ROUTE.

Clock Information:
------------------
No clock signals found in this design

Asynchronous Control Signals Information:
----------------------------------------
No asynchronous control signals found in this design

Timing Summary:
---------------
Speed Grade: -4

   Minimum period: No path found
   Minimum input arrival time before clock: No path found
   Maximum output required time after clock: No path found
   Maximum combinational path delay: 25.672ns

Timing Detail:
--------------
All values displayed in nanoseconds (ns)

=========================================================================
Timing constraint: Default path analysis
  Total number of paths / destination ports: 1185 / 9
-------------------------------------------------------------------------
Delay:               25.672ns (Levels of Logic = 20)
  Source:            B<0> (PAD)
  Destination:       Y<7> (PAD)

  Data Path: B<0> to Y<7>
                                Gate     Net
    Cell:in->out      fanout   Delay   Delay  Logical Name (Net Name)
    ----------------------------------------  ------------
     IBUF:I->O             2   0.849   0.447  B_0_IBUF (B_0_IBUF)
     INV:I->O              1   0.648   0.420  XLXI_1/XLXI_10/XLXI_8/XLXI_11 (XLXI_1/XLXI_10/XLXI_8/R)
     NAND2:I0->O           1   0.648   0.420  XLXI_1/XLXI_10/XLXI_8/XLXI_7 (XLXI_1/XLXI_10/XLXI_8/XLXN_4)
     NAND2:I0->O           1   0.648   0.420  XLXI_1/XLXI_10/XLXI_8/XLXI_4 (XLXI_1/XLXI_10/XLXI_8/XLXN_20)
     NAND2:I0->O           3   0.648   0.531  XLXI_1/XLXI_10/XLXI_8/XLXI_3 (XLXI_1/XLXN_13)
     INV:I->O              1   0.648   0.420  XLXI_1/XLXI_1/XLXI_5 (XLXI_1/XLXI_1/XLXN_10)
     AND2:I1->O            1   0.648   0.420  XLXI_1/XLXI_1/XLXI_8 (XLXI_1/XLXI_1/XLXN_15)
     OR2:I0->O             6   0.648   0.749  XLXI_1/XLXI_1/XLXI_9 (XLXI_1/XLXI_1/XLXN_22)
     LUT3:I1->O            2   0.643   0.590  XLXI_1/XLXI_1/XLXI_1/Cout1 (XLXI_1/XLXN_17)
     LUT3:I0->O            2   0.648   0.590  XLXI_1/XLXI_2/XLXI_1/Cout1 (XLXI_1/XLXN_18)
     LUT3:I0->O            2   0.648   0.590  XLXI_1/XLXI_3/XLXI_1/Cout1 (XLXI_1/XLXN_19)
     LUT3:I0->O            2   0.648   0.590  XLXI_1/XLXI_4/XLXI_1/Cout1 (XLXI_1/XLXN_20)
     LUT3:I0->O            2   0.648   0.590  XLXI_1/XLXI_5/XLXI_1/Cout1 (XLXI_1/XLXN_21)
     LUT3:I0->O            2   0.648   0.590  XLXI_1/XLXI_6/XLXI_1/Cout1 (XLXI_1/XLXN_25)
     LUT3:I0->O            2   0.648   0.527  XLXI_1/XLXI_7/XLXI_1/Cout1 (XLXI_1/XLXN_26)
     LUT3:I1->O            1   0.643   0.420  XLXI_1/XLXI_8/XLXI_1/Mxor_S_xo<0>1 (XLXI_1/XLXI_8/XLXN_31)
     AND4:I0->O            1   0.648   0.563  XLXI_1/XLXI_8/XLXI_13/XLXI_7 (XLXI_1/XLXI_8/XLXI_13/XLXN_19)
     begin scope: 'XLXI_1/XLXI_8/XLXI_13/XLXI_15'
     LUT3:I0->O            1   0.648   0.420  O16 (O)
     end scope: 'XLXI_1/XLXI_8/XLXI_13/XLXI_15'
     OBUF:I->O                 4.520          Y_7_OBUF (Y<7>)
    ----------------------------------------
    Total                     25.672ns (16.375ns logic, 9.297ns route)
                                       (63.8% logic, 36.2% route)

=========================================================================


Total REAL time to Xst completion: 8.00 secs
Total CPU time to Xst completion: 7.90 secs
 
--> 

Total memory usage is 4521808 kilobytes

Number of errors   :    0 (   0 filtered)
Number of warnings :   16 (   0 filtered)
Number of infos    :    1 (   0 filtered)

