Command line:
   OPERATION2_isim_beh.exe
     -simmode  gui
     -simrunnum  0
     -socket  53595

Sun Jun 07 15:04:40 2020


 Elaboration Time: 0.03125 sec

 Current Memory Usage: 5164.9 Meg

 Total Signals          : 1550
 Total Nets             : 355
 Total Signal Drivers   : 298
 Total Blocks           : 314
 Total Primitive Blocks : 278
 Total Processes        : 297
 Total Traceable Variables  : 15
 Total Scalar Nets and Variables : 856
Total Line Count : 308

 Total Simulation Time: 0.125 sec

 Current Memory Usage: 5007.61 Meg

Sun Jun 07 15:07:02 2020

