Command line:
   FA_TB_isim_beh.exe
     -simmode  gui
     -simrunnum  0
     -socket  60574

Sat Jun 06 12:41:58 2020


 Elaboration Time: 0.03125 sec

 Current Memory Usage: 5159.9 Meg

 Total Signals          : 10
 Total Nets             : 5
 Total Signal Drivers   : 5
 Total Blocks           : 3
 Total Primitive Blocks : 2
 Total Processes        : 3
 Total Traceable Variables  : 8
 Total Scalar Nets and Variables : 365
Total Line Count : 10

 Total Simulation Time: 0.03125 sec

 Current Memory Usage: 5159.9 Meg

Sat Jun 06 12:42:07 2020

