Command line:
   OPERATION6_OPERATION6_sch_tb_isim_beh.exe
     -simmode  gui
     -simrunnum  0
     -socket  54007

Sun Jun 07 19:28:36 2020


 Elaboration Time: 0.109375 sec

 Current Memory Usage: 5164.27 Meg

 Total Signals          : 1560
 Total Nets             : 356
 Total Signal Drivers   : 305
 Total Blocks           : 315
 Total Primitive Blocks : 278
 Total Processes        : 299
 Total Traceable Variables  : 15
 Total Scalar Nets and Variables : 857
Total Line Count : 316

 Total Simulation Time: 0.171875 sec

 Current Memory Usage: 5006.98 Meg

Sun Jun 07 19:30:10 2020

