Command line:
   MUX3_isim_beh.exe
     -simmode  gui
     -simrunnum  0
     -socket  60576

Sat Jun 06 12:42:22 2020


 Elaboration Time: 0.0625 sec

 Current Memory Usage: 5160.55 Meg

 Total Signals          : 103
 Total Nets             : 48
 Total Signal Drivers   : 12
 Total Blocks           : 16
 Total Primitive Blocks : 15
 Total Processes        : 12
 Total Traceable Variables  : 13
 Total Scalar Nets and Variables : 531
Total Line Count : 12

 Total Simulation Time: 52.9688 sec

 Current Memory Usage: 5003.27 Meg

Sat Jun 06 12:46:35 2020

