Command line:
   SUC_TB_isim_beh.exe
     -simmode  gui
     -simrunnum  0
     -socket  51620

Sat Jun 06 23:59:46 2020


 Elaboration Time: 0.03125 sec

 Current Memory Usage: 5160.11 Meg

 Total Signals          : 6
 Total Nets             : 5
 Total Signal Drivers   : 3
 Total Blocks           : 6
 Total Primitive Blocks : 5
 Total Processes        : 3
 Total Traceable Variables  : 15
 Total Scalar Nets and Variables : 506
Total Line Count : 11

 Total Simulation Time: 0.03125 sec

 Current Memory Usage: 5160.11 Meg

Sun Jun 07 00:00:02 2020

