Command line:
   ALU_ALU_sch_tb_isim_beh.exe
     -simmode  gui
     -simrunnum  0
     -socket  60578

Sat Jun 06 13:18:10 2020


 Elaboration Time: 0.03125 sec

 Current Memory Usage: 5160.61 Meg

 Total Signals          : 166
 Total Nets             : 57
 Total Signal Drivers   : 32
 Total Blocks           : 30
 Total Primitive Blocks : 27
 Total Processes        : 26
 Total Traceable Variables  : 13
 Total Scalar Nets and Variables : 540
Total Line Count : 74

 Total Simulation Time: 0.1875 sec

 Current Memory Usage: 5003.33 Meg

Sat Jun 06 13:21:52 2020

